<?xml version="1.0" encoding="UTF-8"?>
<testsuite xmlns:xsi="http://www.w3.org/2001/XMLSchema-instance" xsi:noNamespaceSchemaLocation="https://maven.apache.org/surefire/maven-surefire-plugin/xsd/surefire-test-report.xsd" name="AccountTest" time="0.803" tests="12" errors="0" skipped="0" failures="0">
  <properties>
[...]
</properties>
  <testcase name="checkNameEmboss[0]" classname="AccountTest" time="0.427"/>
  <testcase name="checkNameEmboss[1]" classname="AccountTest" time="0.003"/>
  <testcase name="checkNameEmboss[2]" classname="AccountTest" time="0.003"/>
  <testcase name="checkNameEmboss[3]" classname="AccountTest" time="0.003"/>
  <testcase name="checkNameEmboss[4]" classname="AccountTest" time="0.002"/>
  <testcase name="checkNameEmboss[5]" classname="AccountTest" time="0.003"/>
  <testcase name="checkNameEmboss[6]" classname="AccountTest" time="0.003"/>
  <testcase name="checkNameEmboss[7]" classname="AccountTest" time="0.003"/>
  <testcase name="checkNameEmboss[8]" classname="AccountTest" time="0.003"/>
  <testcase name="checkNameEmboss[9]" classname="AccountTest" time="0.002"/>
  <testcase name="checkNameEmboss[10]" classname="AccountTest" time="0.002"/>
  <testcase name="checkNameEmboss[11]" classname="AccountTest" time="0.002"/>
</testsuite>